<?xml version="1.0" encoding="UTF-8"?>
<testng-results skipped="0" failed="0" total="1" passed="1">
  <reporter-output>
  </reporter-output>
  <suite name="Default suite" duration-ms="66824" started-at="2017-05-02T22:09:48Z" finished-at="2017-05-02T22:10:55Z">
    <groups>
    </groups>
    <test name="Default test" duration-ms="66824" started-at="2017-05-02T22:09:48Z" finished-at="2017-05-02T22:10:55Z">
      <class name="com.myappiumtest.AppTest2">
        <test-method status="PASS" signature="beforeMethod()" name="beforeMethod" is-config="true" duration-ms="40740" started-at="2017-05-02T22:09:48Z" finished-at="2017-05-02T22:10:29Z">
        </test-method>
        <test-method status="PASS" signature="funLocationAccess()" name="funLocationAccess" duration-ms="23470" started-at="2017-05-02T22:10:29Z" finished-at="2017-05-02T22:10:53Z">
        </test-method>
        <test-method status="PASS" signature="afterMethod()" name="afterMethod" is-config="true" duration-ms="2585" started-at="2017-05-02T22:10:53Z" finished-at="2017-05-02T22:10:55Z">
        </test-method>
      </class>
    </test>
  </suite>
</testng-results>
