<?xml version="1.0" encoding="UTF-8" ?>
<testsuite tests="1" failures="1" name="com.sjsu.cmpe287.selenium.LoginTest" time="21.471" errors="0" skipped="0">
  <properties>
[...]
</properties>
  <testcase classname="com.sjsu.cmpe287.selenium.LoginTest" name="testLogin" time="21.471">
    <failure type="java.lang.AssertionError">java.lang.AssertionError
	at org.junit.Assert.fail(Assert.java:86)
	at org.junit.Assert.assertTrue(Assert.java:41)
	at org.junit.Assert.assertTrue(Assert.java:52)
	at com.sjsu.cmpe287.selenium.LoginTest.testLogin(LoginTest.java:84)
	at sun.reflect.NativeMethodAccessorImpl.invoke0(Native Method)
	at sun.reflect.NativeMethodAccessorImpl.invoke(NativeMethodAccessorImpl.java:62)
	at sun.reflect.DelegatingMethodAccessorImpl.invoke(DelegatingMethodAccessorImpl.java:43)
	at java.lang.reflect.Method.invoke(Method.java:498)
	at org.junit.runners.model.FrameworkMethod$1.runReflectiveCall(FrameworkMethod.java:50)
	at org.junit.internal.runners.model.ReflectiveCallable.run(ReflectiveCallable.java:12)
	at org.junit.runners.model.FrameworkMethod.invokeExplosively(FrameworkMethod.java:47)
	at org.junit.internal.runners.statements.InvokeMethod.evaluate(InvokeMethod.java:17)
	at org.junit.internal.runners.statements.RunBefores.evaluate(RunBefores.java:26)
	at org.junit.internal.runners.statements.RunAfters.evaluate(RunAfters.java:27)
	at org.junit.runners.ParentRunner.runLeaf(ParentRunner.java:325)
	at org.junit.runners.BlockJUnit4ClassRunner.runChild(BlockJUnit4ClassRunner.java:78)
	at org.junit.runners.BlockJUnit4ClassRunner.runChild(BlockJUnit4ClassRunner.java:57)
	at org.junit.runners.ParentRunner$3.run(ParentRunner.java:290)
	at org.junit.runners.ParentRunner$1.schedule(ParentRunner.java:71)
	at org.junit.runners.ParentRunner.runChildren(ParentRunner.java:288)
	at org.junit.runners.ParentRunner.access$000(ParentRunner.java:58)
	at org.junit.runners.ParentRunner$2.evaluate(ParentRunner.java:268)
	at org.junit.runners.ParentRunner.run(ParentRunner.java:363)
	at org.apache.maven.surefire.junit4.JUnit4Provider.execute(JUnit4Provider.java:252)
	at org.apache.maven.surefire.junit4.JUnit4Provider.executeTestSet(JUnit4Provider.java:141)
	at org.apache.maven.surefire.junit4.JUnit4Provider.invoke(JUnit4Provider.java:112)
	at sun.reflect.NativeMethodAccessorImpl.invoke0(Native Method)
	at sun.reflect.NativeMethodAccessorImpl.invoke(NativeMethodAccessorImpl.java:62)
	at sun.reflect.DelegatingMethodAccessorImpl.invoke(DelegatingMethodAccessorImpl.java:43)
	at java.lang.reflect.Method.invoke(Method.java:498)
	at org.apache.maven.surefire.util.ReflectionUtils.invokeMethodWithArray(ReflectionUtils.java:189)
	at org.apache.maven.surefire.booter.ProviderFactory$ProviderProxy.invoke(ProviderFactory.java:165)
	at org.apache.maven.surefire.booter.ProviderFactory.invokeProvider(ProviderFactory.java:85)
	at org.apache.maven.surefire.booter.ForkedBooter.runSuitesInProcess(ForkedBooter.java:115)
	at org.apache.maven.surefire.booter.ForkedBooter.main(ForkedBooter.java:75)
</failure>
    <system-err>1493184506874	geckodriver	INFO	Listening on 127.0.0.1:12617
1493184507178	mozprofile::profile	INFO	Using profile path /var/folders/c8/l_2r0mcs3c96lqlh9dycl7980000gn/T/rust_mozprofile.9c8nRCLeAyjD
1493184507180	geckodriver::marionette	INFO	Starting browser /Applications/Firefox.app/Contents/MacOS/firefox-bin
1493184507185	geckodriver::marionette	INFO	Connecting to Marionette on localhost:59058
1493184508286	Marionette	INFO	Listening on port 59058
Apr 25, 2017 10:28:30 PM org.openqa.selenium.remote.ProtocolHandshake createSession
INFO: Detected dialect: W3C
2017-04-25 22:28:30.384 plugin-container[7580:753719] *** CFMessagePort: bootstrap_register(): failed 1100 (0x44c) &apos;Permission denied&apos;, port = 0x963b, name = &apos;com.apple.tsm.portname&apos;
See /usr/include/servers/bootstrap_defs.h for the error codes.
2017-04-25 22:28:30.386 plugin-container[7580:753719] *** CFMessagePort: bootstrap_register(): failed 1100 (0x44c) &apos;Permission denied&apos;, port = 0x9a03, name = &apos;com.apple.CFPasteboardClient&apos;
See /usr/include/servers/bootstrap_defs.h for the error codes.
2017-04-25 22:28:42.468 firefox-bin[7579:753591] IMKInputSession presentFunctionRowItemTextInputViewWithEndpoint:completionHandler: : *NO* NSRemoteViewController to client, NSError=Error Domain=NSCocoaErrorDomain Code=4097 &quot;connection from pid 0&quot; UserInfo={NSDebugDescription=connection from pid 0}, com.apple.inputmethod.EmojiFunctionRowItem
2017-04-25 22:28:42.983 firefox-bin[7579:753591] IMKInputSession presentFunctionRowItemTextInputViewWithEndpoint:completionHandler: : *NO* NSRemoteViewController to client, NSError=Error Domain=NSCocoaErrorDomain Code=4097 &quot;connection from pid 0&quot; UserInfo={NSDebugDescription=connection from pid 0}, com.apple.inputmethod.EmojiFunctionRowItem
2017-04-25 22:28:43.319 firefox-bin[7579:753591] IMKInputSession presentFunctionRowItemTextInputViewWithEndpoint:completionHandler: : *NO* NSRemoteViewController to client, NSError=Error Domain=NSCocoaErrorDomain Code=4097 &quot;connection from pid 0&quot; UserInfo={NSDebugDescription=connection from pid 0}, com.apple.inputmethod.EmojiFunctionRowItem
2017-04-25 22:28:46.224 firefox-bin[7579:753591] IMKInputSession presentFunctionRowItemTextInputViewWithEndpoint:completionHandler: : *NO* NSRemoteViewController to client, NSError=Error Domain=NSCocoaErrorDomain Code=4097 &quot;connection from pid 0&quot; UserInfo={NSDebugDescription=connection from pid 0}, com.apple.inputmethod.EmojiFunctionRowItem
</system-err>
  </testcase>
</testsuite>